2025-09-09 09:00:57,853 - INFO - Dataset dividido: 10506 treino, 3502 validação, 3503 teste.
2025-09-09 09:00:57,952 - INFO - Loading pretrained weights from Hugging Face hub (timm/efficientnet_b4.ra2_in1k)
2025-09-09 09:01:03,847 - INFO - [timm/efficientnet_b4.ra2_in1k] Safe alternative available for 'pytorch_model.bin' (as 'model.safetensors'). Loading weights using safetensors.
2025-09-09 09:01:04,176 - INFO - --- Iniciando Treinamento Padronizado ---
2025-09-09 09:03:15,961 - INFO - Epoch 1: Train Loss: 0.1625, Val F1-Macro: 0.9824
2025-09-09 09:03:16,092 - INFO - Modelo salvo! Novo melhor F1-Score: 0.9824
2025-09-09 09:05:16,284 - INFO - Epoch 2: Train Loss: 0.0815, Val F1-Macro: 0.9891
2025-09-09 09:05:16,447 - INFO - Modelo salvo! Novo melhor F1-Score: 0.9891
2025-09-09 09:07:16,324 - INFO - Epoch 3: Train Loss: 0.0538, Val F1-Macro: 0.9888
2025-09-09 09:09:15,318 - INFO - Epoch 4: Train Loss: 0.0590, Val F1-Macro: 0.9862
2025-09-09 09:11:14,196 - INFO - Epoch 5: Train Loss: 0.0324, Val F1-Macro: 0.9900
2025-09-09 09:11:14,380 - INFO - Modelo salvo! Novo melhor F1-Score: 0.9900
2025-09-09 09:13:15,535 - INFO - Epoch 6: Train Loss: 0.0338, Val F1-Macro: 0.9933
2025-09-09 09:13:15,718 - INFO - Modelo salvo! Novo melhor F1-Score: 0.9933
2025-09-09 09:15:14,601 - INFO - Epoch 7: Train Loss: 0.0256, Val F1-Macro: 0.9950
2025-09-09 09:15:14,783 - INFO - Modelo salvo! Novo melhor F1-Score: 0.9950
2025-09-09 09:17:13,633 - INFO - Epoch 8: Train Loss: 0.0278, Val F1-Macro: 0.9903
2025-09-09 09:19:12,328 - INFO - Epoch 9: Train Loss: 0.0193, Val F1-Macro: 0.9900
2025-09-09 09:21:10,923 - INFO - Epoch 10: Train Loss: 0.0233, Val F1-Macro: 0.9897
2025-09-09 09:23:09,429 - INFO - Epoch 11: Train Loss: 0.0228, Val F1-Macro: 0.9941
2025-09-09 09:25:08,179 - INFO - Epoch 12: Train Loss: 0.0158, Val F1-Macro: 0.9912
2025-09-09 09:27:06,921 - INFO - Epoch 13: Train Loss: 0.0183, Val F1-Macro: 0.9900
2025-09-09 09:29:05,657 - INFO - Epoch 14: Train Loss: 0.0151, Val F1-Macro: 0.9924
2025-09-09 09:31:04,263 - INFO - Epoch 15: Train Loss: 0.0116, Val F1-Macro: 0.9921
2025-09-09 09:33:02,909 - INFO - Epoch 16: Train Loss: 0.0117, Val F1-Macro: 0.9933
2025-09-09 09:35:01,376 - INFO - Epoch 17: Train Loss: 0.0112, Val F1-Macro: 0.9915
2025-09-09 09:35:01,376 - INFO - Early stopping ativado.
2025-09-09 09:35:01,377 - INFO - 
--- Avaliação Final no Conjunto de Teste ---
2025-09-09 09:35:18,957 - INFO - 
              precision    recall  f1-score   support

       COVID       1.00      0.99      0.99      1464
      Normal       0.99      1.00      0.99      2039

    accuracy                           0.99      3503
   macro avg       0.99      0.99      0.99      3503
weighted avg       0.99      0.99      0.99      3503

2025-09-09 09:35:19,007 - INFO - 
--- Gerando visualizações Grad-CAM ---
2025-09-09 09:35:19,007 - INFO - Procurando por 4 exemplos de cada classe para Grad-CAM...
2025-09-09 09:35:19,762 - INFO - Imagens Grad-CAM salvas em 'ResEfficient_2/bigger_base_20250909_090057/grad_cam_results'.
